<?xml version="1.0" encoding="UTF-8"?>
<testsuite name="com.kodilla.spring.forum.ForumUserTestSuite" tests="1" skipped="0" failures="0" errors="0" timestamp="2022-09-09T14:49:40" hostname="DESKTOP-D6I026T" time="0.43">
  <properties/>
  <testcase name="testGetUsername()" classname="com.kodilla.spring.forum.ForumUserTestSuite" time="0.43"/>
  <system-out><![CDATA[16:49:40.397 [Test worker] DEBUG org.springframework.context.annotation.ClassPathBeanDefinitionScanner - Identified candidate component class: file [D:\Development\Projects\kodilla-good-patterns\kodilla-spring\build\classes\java\main\com\kodilla\spring\forum\ForumUser.class]
16:49:40.404 [Test worker] DEBUG org.springframework.context.annotation.ClassPathBeanDefinitionScanner - Identified candidate component class: file [D:\Development\Projects\kodilla-good-patterns\kodilla-spring\build\classes\java\main\com\kodilla\spring\shape\Circle.class]
16:49:40.405 [Test worker] DEBUG org.springframework.context.annotation.ClassPathBeanDefinitionScanner - Identified candidate component class: file [D:\Development\Projects\kodilla-good-patterns\kodilla-spring\build\classes\java\main\com\kodilla\spring\shape\Triangle.class]
16:49:40.465 [Test worker] DEBUG org.springframework.context.annotation.AnnotationConfigApplicationContext - Refreshing org.springframework.context.annotation.AnnotationConfigApplicationContext@6a57ae10
16:49:40.498 [Test worker] DEBUG org.springframework.beans.factory.support.DefaultListableBeanFactory - Creating shared instance of singleton bean 'org.springframework.context.annotation.internalConfigurationAnnotationProcessor'
16:49:40.546 [Test worker] DEBUG org.springframework.beans.factory.support.DefaultListableBeanFactory - Creating shared instance of singleton bean 'org.springframework.context.event.internalEventListenerProcessor'
16:49:40.549 [Test worker] DEBUG org.springframework.beans.factory.support.DefaultListableBeanFactory - Creating shared instance of singleton bean 'org.springframework.context.event.internalEventListenerFactory'
16:49:40.551 [Test worker] DEBUG org.springframework.beans.factory.support.DefaultListableBeanFactory - Creating shared instance of singleton bean 'org.springframework.context.annotation.internalAutowiredAnnotationProcessor'
16:49:40.553 [Test worker] DEBUG org.springframework.beans.factory.support.DefaultListableBeanFactory - Creating shared instance of singleton bean 'org.springframework.context.annotation.internalCommonAnnotationProcessor'
16:49:40.564 [Test worker] DEBUG org.springframework.beans.factory.support.DefaultListableBeanFactory - Creating shared instance of singleton bean 'forumUser'
16:49:40.569 [Test worker] DEBUG org.springframework.beans.factory.support.DefaultListableBeanFactory - Creating shared instance of singleton bean 'circle'
16:49:40.570 [Test worker] DEBUG org.springframework.beans.factory.support.DefaultListableBeanFactory - Creating shared instance of singleton bean 'triangle'
]]></system-out>
  <system-err><![CDATA[]]></system-err>
</testsuite>
