<?xml version="1.0" encoding="UTF-8"?>
<testsuite name="com.kodilla.spring.portfolio.BoardTestSuite" tests="1" skipped="0" failures="0" errors="0" timestamp="2022-09-12T17:34:05" hostname="DESKTOP-D6I026T" time="0.46">
  <properties/>
  <testcase name="testTaskAdd()" classname="com.kodilla.spring.portfolio.BoardTestSuite" time="0.46"/>
  <system-out><![CDATA[19:34:04.049 [Test worker] DEBUG org.springframework.test.context.BootstrapUtils - Instantiating CacheAwareContextLoaderDelegate from class [org.springframework.test.context.cache.DefaultCacheAwareContextLoaderDelegate]
19:34:04.062 [Test worker] DEBUG org.springframework.test.context.BootstrapUtils - Instantiating BootstrapContext using constructor [public org.springframework.test.context.support.DefaultBootstrapContext(java.lang.Class,org.springframework.test.context.CacheAwareContextLoaderDelegate)]
19:34:04.103 [Test worker] DEBUG org.springframework.test.context.BootstrapUtils - Instantiating TestContextBootstrapper for test class [com.kodilla.spring.portfolio.BoardTestSuite] from class [org.springframework.boot.test.context.SpringBootTestContextBootstrapper]
19:34:04.112 [Test worker] INFO org.springframework.boot.test.context.SpringBootTestContextBootstrapper - Neither @ContextConfiguration nor @ContextHierarchy found for test class [com.kodilla.spring.portfolio.BoardTestSuite], using SpringBootContextLoader
19:34:04.118 [Test worker] DEBUG org.springframework.test.context.support.AbstractContextLoader - Did not detect default resource location for test class [com.kodilla.spring.portfolio.BoardTestSuite]: class path resource [com/kodilla/spring/portfolio/BoardTestSuite-context.xml] does not exist
19:34:04.119 [Test worker] DEBUG org.springframework.test.context.support.AbstractContextLoader - Did not detect default resource location for test class [com.kodilla.spring.portfolio.BoardTestSuite]: class path resource [com/kodilla/spring/portfolio/BoardTestSuiteContext.groovy] does not exist
19:34:04.119 [Test worker] INFO org.springframework.test.context.support.AbstractContextLoader - Could not detect default resource locations for test class [com.kodilla.spring.portfolio.BoardTestSuite]: no resource found for suffixes {-context.xml, Context.groovy}.
19:34:04.120 [Test worker] INFO org.springframework.test.context.support.AnnotationConfigContextLoaderUtils - Could not detect default configuration classes for test class [com.kodilla.spring.portfolio.BoardTestSuite]: BoardTestSuite does not declare any static, non-private, non-final, nested classes annotated with @Configuration.
19:34:04.174 [Test worker] DEBUG org.springframework.test.context.support.ActiveProfilesUtils - Could not find an 'annotation declaring class' for annotation type [org.springframework.test.context.ActiveProfiles] and class [com.kodilla.spring.portfolio.BoardTestSuite]
19:34:04.261 [Test worker] DEBUG org.springframework.context.annotation.ClassPathScanningCandidateComponentProvider - Identified candidate component class: file [D:\Development\Projects\kodilla-good-patterns\kodilla-spring\build\classes\java\main\com\kodilla\KodillaAplication.class]
19:34:04.262 [Test worker] INFO org.springframework.boot.test.context.SpringBootTestContextBootstrapper - Found @SpringBootConfiguration com.kodilla.KodillaAplication for test class com.kodilla.spring.portfolio.BoardTestSuite
19:34:04.361 [Test worker] DEBUG org.springframework.boot.test.context.SpringBootTestContextBootstrapper - @TestExecutionListeners is not present for class [com.kodilla.spring.portfolio.BoardTestSuite]: using defaults.
19:34:04.361 [Test worker] INFO org.springframework.boot.test.context.SpringBootTestContextBootstrapper - Loaded default TestExecutionListener class names from location [META-INF/spring.factories]: [org.springframework.boot.test.autoconfigure.restdocs.RestDocsTestExecutionListener, org.springframework.boot.test.autoconfigure.web.client.MockRestServiceServerResetTestExecutionListener, org.springframework.boot.test.autoconfigure.web.servlet.MockMvcPrintOnlyOnFailureTestExecutionListener, org.springframework.boot.test.autoconfigure.web.servlet.WebDriverTestExecutionListener, org.springframework.boot.test.autoconfigure.webservices.client.MockWebServiceServerTestExecutionListener, org.springframework.boot.test.mock.mockito.MockitoTestExecutionListener, org.springframework.boot.test.mock.mockito.ResetMocksTestExecutionListener, org.springframework.test.context.web.ServletTestExecutionListener, org.springframework.test.context.support.DirtiesContextBeforeModesTestExecutionListener, org.springframework.test.context.event.ApplicationEventsTestExecutionListener, org.springframework.test.context.support.DependencyInjectionTestExecutionListener, org.springframework.test.context.support.DirtiesContextTestExecutionListener, org.springframework.test.context.transaction.TransactionalTestExecutionListener, org.springframework.test.context.jdbc.SqlScriptsTestExecutionListener, org.springframework.test.context.event.EventPublishingTestExecutionListener]
19:34:04.377 [Test worker] DEBUG org.springframework.boot.test.context.SpringBootTestContextBootstrapper - Skipping candidate TestExecutionListener [org.springframework.test.context.web.ServletTestExecutionListener] due to a missing dependency. Specify custom listener classes or make the default listener classes and their required dependencies available. Offending class: [javax/servlet/ServletContext]
19:34:04.381 [Test worker] DEBUG org.springframework.boot.test.context.SpringBootTestContextBootstrapper - Skipping candidate TestExecutionListener [org.springframework.test.context.transaction.TransactionalTestExecutionListener] due to a missing dependency. Specify custom listener classes or make the default listener classes and their required dependencies available. Offending class: [org/springframework/transaction/interceptor/TransactionAttributeSource]
19:34:04.382 [Test worker] DEBUG org.springframework.boot.test.context.SpringBootTestContextBootstrapper - Skipping candidate TestExecutionListener [org.springframework.test.context.jdbc.SqlScriptsTestExecutionListener] due to a missing dependency. Specify custom listener classes or make the default listener classes and their required dependencies available. Offending class: [org/springframework/transaction/interceptor/TransactionAttribute]
19:34:04.383 [Test worker] INFO org.springframework.boot.test.context.SpringBootTestContextBootstrapper - Using TestExecutionListeners: [org.springframework.test.context.support.DirtiesContextBeforeModesTestExecutionListener@4f071df8, org.springframework.test.context.event.ApplicationEventsTestExecutionListener@4de41af9, org.springframework.boot.test.mock.mockito.MockitoTestExecutionListener@56ace400, org.springframework.boot.test.autoconfigure.SpringBootDependencyInjectionTestExecutionListener@47404bea, org.springframework.test.context.support.DirtiesContextTestExecutionListener@305f7627, org.springframework.test.context.event.EventPublishingTestExecutionListener@5d018107, org.springframework.boot.test.autoconfigure.restdocs.RestDocsTestExecutionListener@6cbcf243, org.springframework.boot.test.autoconfigure.web.client.MockRestServiceServerResetTestExecutionListener@29e6eb25, org.springframework.boot.test.autoconfigure.web.servlet.MockMvcPrintOnlyOnFailureTestExecutionListener@62435e70, org.springframework.boot.test.autoconfigure.web.servlet.WebDriverTestExecutionListener@339bf286, org.springframework.boot.test.autoconfigure.webservices.client.MockWebServiceServerTestExecutionListener@38be305c, org.springframework.boot.test.mock.mockito.ResetMocksTestExecutionListener@269f4bad]
19:34:04.390 [Test worker] DEBUG org.springframework.test.context.support.AbstractDirtiesContextTestExecutionListener - Before test class: context [DefaultTestContext@5b64c4b7 testClass = BoardTestSuite, testInstance = [null], testMethod = [null], testException = [null], mergedContextConfiguration = [MergedContextConfiguration@4763c727 testClass = BoardTestSuite, locations = '{}', classes = '{class com.kodilla.KodillaAplication}', contextInitializerClasses = '[]', activeProfiles = '{}', propertySourceLocations = '{}', propertySourceProperties = '{org.springframework.boot.test.context.SpringBootTestContextBootstrapper=true}', contextCustomizers = set[org.springframework.boot.test.autoconfigure.actuate.metrics.MetricsExportContextCustomizerFactory$DisableMetricExportContextCustomizer@3abada5a, org.springframework.boot.test.autoconfigure.properties.PropertyMappingContextCustomizer@0, org.springframework.boot.test.autoconfigure.web.servlet.WebDriverContextCustomizerFactory$Customizer@3fed2870, org.springframework.boot.test.context.filter.ExcludeFilterContextCustomizer@764faa6, org.springframework.boot.test.json.DuplicateJsonObjectContextCustomizerFactory$DuplicateJsonObjectContextCustomizer@4f5991f6, org.springframework.boot.test.mock.mockito.MockitoContextCustomizer@0, org.springframework.boot.test.web.client.TestRestTemplateContextCustomizer@50d13246, org.springframework.boot.test.context.SpringBootTestArgs@1, org.springframework.boot.test.context.SpringBootTestWebEnvironment@4cc8eb05], contextLoader = 'org.springframework.boot.test.context.SpringBootContextLoader', parent = [null]], attributes = map[[empty]]], class annotated with @DirtiesContext [false] with mode [null].
19:34:04.403 [Test worker] DEBUG org.springframework.test.context.support.DependencyInjectionTestExecutionListener - Performing dependency injection for test context [[DefaultTestContext@5b64c4b7 testClass = BoardTestSuite, testInstance = com.kodilla.spring.portfolio.BoardTestSuite@e260766, testMethod = [null], testException = [null], mergedContextConfiguration = [MergedContextConfiguration@4763c727 testClass = BoardTestSuite, locations = '{}', classes = '{class com.kodilla.KodillaAplication}', contextInitializerClasses = '[]', activeProfiles = '{}', propertySourceLocations = '{}', propertySourceProperties = '{org.springframework.boot.test.context.SpringBootTestContextBootstrapper=true}', contextCustomizers = set[org.springframework.boot.test.autoconfigure.actuate.metrics.MetricsExportContextCustomizerFactory$DisableMetricExportContextCustomizer@3abada5a, org.springframework.boot.test.autoconfigure.properties.PropertyMappingContextCustomizer@0, org.springframework.boot.test.autoconfigure.web.servlet.WebDriverContextCustomizerFactory$Customizer@3fed2870, org.springframework.boot.test.context.filter.ExcludeFilterContextCustomizer@764faa6, org.springframework.boot.test.json.DuplicateJsonObjectContextCustomizerFactory$DuplicateJsonObjectContextCustomizer@4f5991f6, org.springframework.boot.test.mock.mockito.MockitoContextCustomizer@0, org.springframework.boot.test.web.client.TestRestTemplateContextCustomizer@50d13246, org.springframework.boot.test.context.SpringBootTestArgs@1, org.springframework.boot.test.context.SpringBootTestWebEnvironment@4cc8eb05], contextLoader = 'org.springframework.boot.test.context.SpringBootContextLoader', parent = [null]], attributes = map['org.springframework.test.context.event.ApplicationEventsTestExecutionListener.recordApplicationEvents' -> false]]].

  .   ____          _            __ _ _
 /\\ / ___'_ __ _ _(_)_ __  __ _ \ \ \ \
( ( )\___ | '_ | '_| | '_ \/ _` | \ \ \ \
 \\/  ___)| |_)| | | | | || (_| |  ) ) ) )
  '  |____| .__|_| |_|_| |_\__, | / / / /
 =========|_|==============|___/=/_/_/_/
 :: Spring Boot ::                (v2.7.3)

2022-09-12 19:34:04.715  INFO 3008 --- [    Test worker] c.k.spring.portfolio.BoardTestSuite      : Starting BoardTestSuite using Java 18 on DESKTOP-D6I026T with PID 3008 (started by mateu in D:\Development\Projects\kodilla-good-patterns\kodilla-spring)
2022-09-12 19:34:04.717  INFO 3008 --- [    Test worker] c.k.spring.portfolio.BoardTestSuite      : No active profile set, falling back to 1 default profile: "default"
2022-09-12 19:34:05.487  INFO 3008 --- [    Test worker] c.k.spring.portfolio.BoardTestSuite      : Started BoardTestSuite in 1.059 seconds (JVM running for 6.075)
]]></system-out>
  <system-err><![CDATA[]]></system-err>
</testsuite>
