<?xml version="1.0" encoding="UTF-8"?>
<testsuite name="com.kodilla.KodillaApplicationTest" tests="1" skipped="0" failures="0" errors="0" timestamp="2022-09-13T15:15:32" hostname="DESKTOP-D6I026T" time="0.454">
  <properties/>
  <testcase name="contextLoads()" classname="com.kodilla.KodillaApplicationTest" time="0.454"/>
  <system-out><![CDATA[17:15:31.012 [Test worker] DEBUG org.springframework.test.context.BootstrapUtils - Instantiating CacheAwareContextLoaderDelegate from class [org.springframework.test.context.cache.DefaultCacheAwareContextLoaderDelegate]
17:15:31.024 [Test worker] DEBUG org.springframework.test.context.BootstrapUtils - Instantiating BootstrapContext using constructor [public org.springframework.test.context.support.DefaultBootstrapContext(java.lang.Class,org.springframework.test.context.CacheAwareContextLoaderDelegate)]
17:15:31.064 [Test worker] DEBUG org.springframework.test.context.BootstrapUtils - Instantiating TestContextBootstrapper for test class [com.kodilla.KodillaApplicationTest] from class [org.springframework.boot.test.context.SpringBootTestContextBootstrapper]
17:15:31.074 [Test worker] INFO org.springframework.boot.test.context.SpringBootTestContextBootstrapper - Neither @ContextConfiguration nor @ContextHierarchy found for test class [com.kodilla.KodillaApplicationTest], using SpringBootContextLoader
17:15:31.081 [Test worker] DEBUG org.springframework.test.context.support.AbstractContextLoader - Did not detect default resource location for test class [com.kodilla.KodillaApplicationTest]: class path resource [com/kodilla/KodillaApplicationTest-context.xml] does not exist
17:15:31.082 [Test worker] DEBUG org.springframework.test.context.support.AbstractContextLoader - Did not detect default resource location for test class [com.kodilla.KodillaApplicationTest]: class path resource [com/kodilla/KodillaApplicationTestContext.groovy] does not exist
17:15:31.082 [Test worker] INFO org.springframework.test.context.support.AbstractContextLoader - Could not detect default resource locations for test class [com.kodilla.KodillaApplicationTest]: no resource found for suffixes {-context.xml, Context.groovy}.
17:15:31.083 [Test worker] INFO org.springframework.test.context.support.AnnotationConfigContextLoaderUtils - Could not detect default configuration classes for test class [com.kodilla.KodillaApplicationTest]: KodillaApplicationTest does not declare any static, non-private, non-final, nested classes annotated with @Configuration.
17:15:31.139 [Test worker] DEBUG org.springframework.test.context.support.ActiveProfilesUtils - Could not find an 'annotation declaring class' for annotation type [org.springframework.test.context.ActiveProfiles] and class [com.kodilla.KodillaApplicationTest]
17:15:31.216 [Test worker] DEBUG org.springframework.context.annotation.ClassPathScanningCandidateComponentProvider - Identified candidate component class: file [D:\Development\Projects\kodilla-good-patterns\build\classes\java\main\com\kodilla\KodillaAplication.class]
17:15:31.217 [Test worker] INFO org.springframework.boot.test.context.SpringBootTestContextBootstrapper - Found @SpringBootConfiguration com.kodilla.KodillaAplication for test class com.kodilla.KodillaApplicationTest
17:15:31.317 [Test worker] DEBUG org.springframework.boot.test.context.SpringBootTestContextBootstrapper - @TestExecutionListeners is not present for class [com.kodilla.KodillaApplicationTest]: using defaults.
17:15:31.318 [Test worker] INFO org.springframework.boot.test.context.SpringBootTestContextBootstrapper - Loaded default TestExecutionListener class names from location [META-INF/spring.factories]: [org.springframework.boot.test.autoconfigure.restdocs.RestDocsTestExecutionListener, org.springframework.boot.test.autoconfigure.web.client.MockRestServiceServerResetTestExecutionListener, org.springframework.boot.test.autoconfigure.web.servlet.MockMvcPrintOnlyOnFailureTestExecutionListener, org.springframework.boot.test.autoconfigure.web.servlet.WebDriverTestExecutionListener, org.springframework.boot.test.autoconfigure.webservices.client.MockWebServiceServerTestExecutionListener, org.springframework.boot.test.mock.mockito.MockitoTestExecutionListener, org.springframework.boot.test.mock.mockito.ResetMocksTestExecutionListener, org.springframework.test.context.web.ServletTestExecutionListener, org.springframework.test.context.support.DirtiesContextBeforeModesTestExecutionListener, org.springframework.test.context.event.ApplicationEventsTestExecutionListener, org.springframework.test.context.support.DependencyInjectionTestExecutionListener, org.springframework.test.context.support.DirtiesContextTestExecutionListener, org.springframework.test.context.transaction.TransactionalTestExecutionListener, org.springframework.test.context.jdbc.SqlScriptsTestExecutionListener, org.springframework.test.context.event.EventPublishingTestExecutionListener]
17:15:31.329 [Test worker] DEBUG org.springframework.boot.test.context.SpringBootTestContextBootstrapper - Skipping candidate TestExecutionListener [org.springframework.test.context.web.ServletTestExecutionListener] due to a missing dependency. Specify custom listener classes or make the default listener classes and their required dependencies available. Offending class: [javax/servlet/ServletContext]
17:15:31.331 [Test worker] DEBUG org.springframework.boot.test.context.SpringBootTestContextBootstrapper - Skipping candidate TestExecutionListener [org.springframework.test.context.transaction.TransactionalTestExecutionListener] due to a missing dependency. Specify custom listener classes or make the default listener classes and their required dependencies available. Offending class: [org/springframework/transaction/interceptor/TransactionAttributeSource]
17:15:31.331 [Test worker] DEBUG org.springframework.boot.test.context.SpringBootTestContextBootstrapper - Skipping candidate TestExecutionListener [org.springframework.test.context.jdbc.SqlScriptsTestExecutionListener] due to a missing dependency. Specify custom listener classes or make the default listener classes and their required dependencies available. Offending class: [org/springframework/transaction/interceptor/TransactionAttribute]
17:15:31.332 [Test worker] INFO org.springframework.boot.test.context.SpringBootTestContextBootstrapper - Using TestExecutionListeners: [org.springframework.test.context.support.DirtiesContextBeforeModesTestExecutionListener@650eab8, org.springframework.test.context.event.ApplicationEventsTestExecutionListener@30f5a68a, org.springframework.boot.test.mock.mockito.MockitoTestExecutionListener@1e1d3956, org.springframework.boot.test.autoconfigure.SpringBootDependencyInjectionTestExecutionListener@4f2c9ba6, org.springframework.test.context.support.DirtiesContextTestExecutionListener@4e28bdd1, org.springframework.test.context.event.EventPublishingTestExecutionListener@53f48368, org.springframework.boot.test.autoconfigure.restdocs.RestDocsTestExecutionListener@24d4d7c9, org.springframework.boot.test.autoconfigure.web.client.MockRestServiceServerResetTestExecutionListener@f0e995e, org.springframework.boot.test.autoconfigure.web.servlet.MockMvcPrintOnlyOnFailureTestExecutionListener@4c37b5b, org.springframework.boot.test.autoconfigure.web.servlet.WebDriverTestExecutionListener@73db4768, org.springframework.boot.test.autoconfigure.webservices.client.MockWebServiceServerTestExecutionListener@71b3bc45, org.springframework.boot.test.mock.mockito.ResetMocksTestExecutionListener@a8c1f44]
17:15:31.336 [Test worker] DEBUG org.springframework.test.context.support.AbstractDirtiesContextTestExecutionListener - Before test class: context [DefaultTestContext@4baf352a testClass = KodillaApplicationTest, testInstance = [null], testMethod = [null], testException = [null], mergedContextConfiguration = [MergedContextConfiguration@1bb1fde8 testClass = KodillaApplicationTest, locations = '{}', classes = '{class com.kodilla.KodillaAplication}', contextInitializerClasses = '[]', activeProfiles = '{}', propertySourceLocations = '{}', propertySourceProperties = '{org.springframework.boot.test.context.SpringBootTestContextBootstrapper=true}', contextCustomizers = set[org.springframework.boot.test.autoconfigure.actuate.metrics.MetricsExportContextCustomizerFactory$DisableMetricExportContextCustomizer@291a7e3c, org.springframework.boot.test.autoconfigure.properties.PropertyMappingContextCustomizer@0, org.springframework.boot.test.autoconfigure.web.servlet.WebDriverContextCustomizerFactory$Customizer@7a1a14a4, org.springframework.boot.test.context.filter.ExcludeFilterContextCustomizer@3b96c42e, org.springframework.boot.test.json.DuplicateJsonObjectContextCustomizerFactory$DuplicateJsonObjectContextCustomizer@3899782c, org.springframework.boot.test.mock.mockito.MockitoContextCustomizer@0, org.springframework.boot.test.web.client.TestRestTemplateContextCustomizer@4f5991f6, org.springframework.boot.test.context.SpringBootTestArgs@1, org.springframework.boot.test.context.SpringBootTestWebEnvironment@68e965f5], contextLoader = 'org.springframework.boot.test.context.SpringBootContextLoader', parent = [null]], attributes = map[[empty]]], class annotated with @DirtiesContext [false] with mode [null].
17:15:31.350 [Test worker] DEBUG org.springframework.test.context.support.DependencyInjectionTestExecutionListener - Performing dependency injection for test context [[DefaultTestContext@4baf352a testClass = KodillaApplicationTest, testInstance = com.kodilla.KodillaApplicationTest@47dbb1e2, testMethod = [null], testException = [null], mergedContextConfiguration = [MergedContextConfiguration@1bb1fde8 testClass = KodillaApplicationTest, locations = '{}', classes = '{class com.kodilla.KodillaAplication}', contextInitializerClasses = '[]', activeProfiles = '{}', propertySourceLocations = '{}', propertySourceProperties = '{org.springframework.boot.test.context.SpringBootTestContextBootstrapper=true}', contextCustomizers = set[org.springframework.boot.test.autoconfigure.actuate.metrics.MetricsExportContextCustomizerFactory$DisableMetricExportContextCustomizer@291a7e3c, org.springframework.boot.test.autoconfigure.properties.PropertyMappingContextCustomizer@0, org.springframework.boot.test.autoconfigure.web.servlet.WebDriverContextCustomizerFactory$Customizer@7a1a14a4, org.springframework.boot.test.context.filter.ExcludeFilterContextCustomizer@3b96c42e, org.springframework.boot.test.json.DuplicateJsonObjectContextCustomizerFactory$DuplicateJsonObjectContextCustomizer@3899782c, org.springframework.boot.test.mock.mockito.MockitoContextCustomizer@0, org.springframework.boot.test.web.client.TestRestTemplateContextCustomizer@4f5991f6, org.springframework.boot.test.context.SpringBootTestArgs@1, org.springframework.boot.test.context.SpringBootTestWebEnvironment@68e965f5], contextLoader = 'org.springframework.boot.test.context.SpringBootContextLoader', parent = [null]], attributes = map['org.springframework.test.context.event.ApplicationEventsTestExecutionListener.recordApplicationEvents' -> false]]].

  .   ____          _            __ _ _
 /\\ / ___'_ __ _ _(_)_ __  __ _ \ \ \ \
( ( )\___ | '_ | '_| | '_ \/ _` | \ \ \ \
 \\/  ___)| |_)| | | | | || (_| |  ) ) ) )
  '  |____| .__|_| |_|_| |_\__, | / / / /
 =========|_|==============|___/=/_/_/_/
 :: Spring Boot ::                (v2.7.3)

2022-09-13 17:15:31.639  INFO 21520 --- [    Test worker] com.kodilla.KodillaApplicationTest       : Starting KodillaApplicationTest using Java 18 on DESKTOP-D6I026T with PID 21520 (started by mateu in D:\Development\Projects\kodilla-good-patterns)
2022-09-13 17:15:31.640  INFO 21520 --- [    Test worker] com.kodilla.KodillaApplicationTest       : No active profile set, falling back to 1 default profile: "default"
2022-09-13 17:15:32.172  INFO 21520 --- [    Test worker] com.kodilla.KodillaApplicationTest       : Started KodillaApplicationTest in 0.794 seconds (JVM running for 1.932)
]]></system-out>
  <system-err><![CDATA[]]></system-err>
</testsuite>
